<?xml version="1.0" encoding="UTF-8"?>
<testng-results ignored="0" total="5" passed="4" failed="1" skipped="0">
  <reporter-output>
  </reporter-output>
  <suite started-at="2022-02-23T12:40:00 IST" name="Default suite" finished-at="2022-02-23T12:40:05 IST" duration-ms="5205">
    <groups>
    </groups>
    <test started-at="2022-02-23T12:40:00 IST" name="Default test" finished-at="2022-02-23T12:40:05 IST" duration-ms="5205">
      <class name="files.DynamicJSON">
        <test-method signature="AddBook(java.lang.String,java.lang.String)[pri:0, instance:files.DynamicJSON@3e6ef8ad]" started-at="2022-02-23T12:40:00 IST" name="AddBook" data-provider="BooksData" finished-at="2022-02-23T12:40:05 IST" duration-ms="4596" status="PASS">
          <params>
            <param index="0">
              <value>
                <![CDATA[qr]]>
              </value>
            </param>
            <param index="1">
              <value>
                <![CDATA[117]]>
              </value>
            </param>
          </params>
          <reporter-output>
          </reporter-output>
        </test-method> <!-- AddBook -->
        <test-method signature="AddBook(java.lang.String,java.lang.String)[pri:0, instance:files.DynamicJSON@3e6ef8ad]" started-at="2022-02-23T12:40:05 IST" name="AddBook" data-provider="BooksData" finished-at="2022-02-23T12:40:05 IST" duration-ms="166" status="PASS">
          <params>
            <param index="0">
              <value>
                <![CDATA[arq]]>
              </value>
            </param>
            <param index="1">
              <value>
                <![CDATA[147]]>
              </value>
            </param>
          </params>
          <reporter-output>
          </reporter-output>
        </test-method> <!-- AddBook -->
        <test-method signature="AddBook(java.lang.String,java.lang.String)[pri:0, instance:files.DynamicJSON@3e6ef8ad]" started-at="2022-02-23T12:40:05 IST" name="AddBook" data-provider="BooksData" finished-at="2022-02-23T12:40:05 IST" duration-ms="152" status="PASS">
          <params>
            <param index="0">
              <value>
                <![CDATA[gsq]]>
              </value>
            </param>
            <param index="1">
              <value>
                <![CDATA[187]]>
              </value>
            </param>
          </params>
          <reporter-output>
          </reporter-output>
        </test-method> <!-- AddBook -->
        <test-method signature="AddBook(java.lang.String,java.lang.String)[pri:0, instance:files.DynamicJSON@3e6ef8ad]" started-at="2022-02-23T12:40:05 IST" name="AddBook" data-provider="BooksData" finished-at="2022-02-23T12:40:05 IST" duration-ms="169" status="PASS">
          <params>
            <param index="0">
              <value>
                <![CDATA[hgq]]>
              </value>
            </param>
            <param index="1">
              <value>
                <![CDATA[839]]>
              </value>
            </param>
          </params>
          <reporter-output>
          </reporter-output>
        </test-method> <!-- AddBook -->
        <test-method signature="DeleteBook(java.lang.String)[pri:0, instance:files.DynamicJSON@3e6ef8ad]" started-at="2022-02-23T12:40:05 IST" name="DeleteBook" data-provider="BooksData" finished-at="2022-02-23T12:40:05 IST" duration-ms="2" status="FAIL">
          <exception class="org.testng.internal.reflect.MethodMatcherException">
            <message>
              <![CDATA[
[public void files.DynamicJSON.DeleteBook(java.lang.String)] has no parameters defined but was found to be using a data provider (either explicitly specified or inherited from class level annotation).
Data provider mismatch
Method: DeleteBook([Parameter{index=0, type=java.lang.String, declaredAnnotations=[]}])
Arguments: [(java.lang.String) qr,(java.lang.String) 117]]]>
            </message>
            <full-stacktrace>
              <![CDATA[org.testng.internal.reflect.MethodMatcherException: 
[public void files.DynamicJSON.DeleteBook(java.lang.String)] has no parameters defined but was found to be using a data provider (either explicitly specified or inherited from class level annotation).
Data provider mismatch
Method: DeleteBook([Parameter{index=0, type=java.lang.String, declaredAnnotations=[]}])
Arguments: [(java.lang.String) qr,(java.lang.String) 117]
at org.testng.internal.reflect.DataProviderMethodMatcher.getConformingArguments(DataProviderMethodMatcher.java:43)
at org.testng.internal.Parameters.injectParameters(Parameters.java:914)
at org.testng.internal.MethodRunner.runInSequence(MethodRunner.java:34)
at org.testng.internal.TestInvoker$MethodInvocationAgent.invoke(TestInvoker.java:824)
at org.testng.internal.TestInvoker.invokeTestMethods(TestInvoker.java:146)
at org.testng.internal.TestMethodWorker.invokeTestMethods(TestMethodWorker.java:146)
at org.testng.internal.TestMethodWorker.run(TestMethodWorker.java:128)
at java.base/java.util.ArrayList.forEach(ArrayList.java:1511)
at org.testng.TestRunner.privateRun(TestRunner.java:794)
at org.testng.TestRunner.run(TestRunner.java:596)
at org.testng.SuiteRunner.runTest(SuiteRunner.java:377)
at org.testng.SuiteRunner.runSequentially(SuiteRunner.java:371)
at org.testng.SuiteRunner.privateRun(SuiteRunner.java:332)
at org.testng.SuiteRunner.run(SuiteRunner.java:276)
at org.testng.SuiteRunnerWorker.runSuite(SuiteRunnerWorker.java:53)
at org.testng.SuiteRunnerWorker.run(SuiteRunnerWorker.java:96)
at org.testng.TestNG.runSuitesSequentially(TestNG.java:1212)
at org.testng.TestNG.runSuitesLocally(TestNG.java:1134)
at org.testng.TestNG.runSuites(TestNG.java:1063)
at org.testng.TestNG.run(TestNG.java:1031)
at org.testng.remote.AbstractRemoteTestNG.run(AbstractRemoteTestNG.java:115)
at org.testng.remote.RemoteTestNG.initAndRun(RemoteTestNG.java:251)
at org.testng.remote.RemoteTestNG.main(RemoteTestNG.java:77)
]]>
            </full-stacktrace>
          </exception> <!-- org.testng.internal.reflect.MethodMatcherException -->
          <reporter-output>
          </reporter-output>
        </test-method> <!-- DeleteBook -->
      </class> <!-- files.DynamicJSON -->
    </test> <!-- Default test -->
  </suite> <!-- Default suite -->
</testng-results>
